mktextfm tcbx2488
mktextfm tcrm1000
mktextfm tcrm1200
mktextfm tcbx2488
mktextfm tcrm1000
mktextfm tcrm1200
mktextfm tcbx2488
mktextfm tcrm1000
mktextfm tcrm1200
mktextfm tcbx2488
mktextfm tcrm1000
mktextfm tcrm1200
mktextfm tcbx2488
mktextfm tcrm1000
mktextfm tcrm1200
mktextfm tcbx2488
mktextfm tcrm1000
mktextfm tcrm1200
mktextfm tcbx2488
mktextfm tcrm1000
mktextfm tcrm1200
mktextfm tcbx2488
mktextfm tcrm1000
mktextfm tcrm1200
mktextfm tcbx2488
mktextfm tcrm1000
mktextfm tcrm1200
mktextfm tcbx2488
mktextfm tcrm1000
mktextfm tcrm1200
mktextfm tcbx2488
mktextfm tcrm1000
mktextfm tcrm1200
mktextfm tcbx2488
mktextfm tcrm1000
mktextfm tcrm1200
mktextfm tcbx2488
mktextfm tcrm1000
mktextfm tcrm1200
mktextfm tcbx2488
mktextfm tcrm1000
mktextfm tcrm1200
mktextfm tcbx2488
mktextfm tcrm1000
mktextfm tcrm1200
mktextfm tcbx2488
mktextfm tcrm1000
mktextfm tcrm1200
mktextfm tcbx2488
mktextfm tcrm1000
mktextfm tcrm1200
mktextfm tcbx2488
mktextfm tcrm1000
mktextfm tcrm1200
mktextfm tcbx2488
mktextfm tcrm1000
mktextfm tcrm1200
mktextfm tcbx2488
mktextfm tcrm1000
mktextfm tcrm1200
mktextfm tcbx2488
mktextfm tcrm1000
mktextfm tcrm1200
mktextfm tcbx2488
mktextfm tcrm1000
mktextfm tcrm1200
mktextfm tcbx2488
mktextfm tcrm1000
mktextfm tcrm1200
mktextfm tcbx2488
mktextfm tcrm1000
mktextfm tcrm1200
mktextfm tcbx2488
mktextfm tcrm1000
mktextfm tcrm1200
mktextfm tcbx2488
mktextfm tcrm1000
mktextfm tcrm1200
mktextfm tcbx2488
mktextfm tcrm1000
mktextfm tcrm1200
mktextfm tcbx2488
mktextfm tcrm1000
mktextfm tcrm1200
mktextfm tcbx2488
mktextfm tcrm1000
mktextfm tcrm1200
mktextfm tcbx2488
mktextfm tcrm1000
mktextfm ecrm1200
mktextfm tcrm1200
mktextfm tcbx2488
mktextfm tcrm1000
mktextfm ecrm1200
mktextfm tcrm1200
mktextfm ecrm1200
mktextfm eccc1200
mktextfm eccc2074
mktextfm eccc1728
mktextfm ecrm2488
mktextfm ecbx2488
mktextfm tcbx2488
mktextfm ecrm1440
mktextfm ecti1440
mktextfm ecrm1728
mktextfm ecbx1728
mktextfm ecbx1200
mktextfm ecbx0800
mktextfm ecbx1440
mktextfm ecrm1000
mktextfm ecrm0600
mktextfm ectt1000
mktextfm tcrm1000
mktextfm tcrm1200
mktextfm ecrm0800
mktextfm ecrm1200
mktextfm eccc1200
mktextfm eccc2074
mktextfm eccc1728
mktextfm ecrm2488
mktextfm ecbx2488
mktextfm tcbx2488
mktextfm ecrm1440
mktextfm ecti1440
mktextfm ecrm1728
mktextfm ecbx1728
mktextfm ecbx1200
mktextfm ecbx0800
mktextfm ecbx1440
mktextfm ecrm1000
mktextfm ecrm0600
mktextfm ectt1000
mktextfm tcrm1000
mktextfm tcrm1200
mktextfm ecrm0800
mktextfm ecrm1200
mktextfm eccc1200
mktextfm eccc2074
mktextfm eccc1728
mktextfm ecrm2488
mktextfm ecbx2488
mktextfm tcbx2488
mktextfm ecrm1440
mktextfm ecti1440
mktextfm ecrm1728
mktextfm ecbx1728
mktextfm ecbx1200
mktextfm ecbx0800
mktextfm ecbx1440
mktextfm ecrm1000
mktextfm ecrm0600
mktextfm ectt1000
mktextfm tcrm1000
mktextfm tcrm1200
mktextfm ecrm0800
mktextfm ecrm1200
mktextfm eccc1200
mktextfm eccc2074
mktextfm eccc1728
mktextfm ecrm2488
mktextfm ecbx2488
mktextfm tcbx2488
mktextfm ecrm1440
mktextfm ecti1440
mktextfm ecrm1728
mktextfm ecbx1728
mktextfm ecbx1200
mktextfm ecbx0800
mktextfm ecbx1440
mktextfm ecrm1000
mktextfm ecrm0600
mktextfm ectt1000
mktextfm tcrm1000
mktextfm tcrm1200
mktextfm ecrm0800
mktextfm ecrm1200
mktextfm eccc1200
mktextfm eccc2074
mktextfm eccc1728
mktextfm ecrm2488
mktextfm ecbx2488
mktextfm tcbx2488
mktextfm ecrm1440
mktextfm ecti1440
mktextfm ecrm1728
mktextfm ecbx1728
mktextfm ecbx1200
mktextfm ecbx0800
mktextfm ecbx1440
mktextfm ecrm1000
mktextfm ecrm0600
mktextfm ectt1000
mktextfm tcrm1000
mktextfm tcrm1200
mktextfm ecrm0800
mktextfm ecrm1200
mktextfm eccc1200
mktextfm eccc2074
mktextfm eccc1728
mktextfm ecrm2488
mktextfm ecbx2488
mktextfm tcbx2488
mktextfm ecrm1440
mktextfm ecti1440
mktextfm ecrm1728
mktextfm ecbx1728
mktextfm ecbx1200
mktextfm ecbx0800
mktextfm ecbx1440
mktextfm ecrm1000
mktextfm ecrm0600
mktextfm ectt1000
mktextfm tcrm1000
mktextfm tcrm1200
mktextfm ecrm0800
mktextfm ecrm1200
mktextfm eccc1200
mktextfm eccc2074
mktextfm eccc1728
mktextfm ecrm2488
mktextfm ecbx2488
mktextfm tcbx2488
mktextfm ecrm1440
mktextfm ecti1440
mktextfm ecrm1728
mktextfm ecbx1728
mktextfm ecbx1200
mktextfm ecbx0800
mktextfm ecbx1440
mktextfm ecrm1000
mktextfm ecrm0600
mktextfm ectt1000
mktextfm tcrm1000
mktextfm tcrm1200
mktextfm ecrm0800
mktextfm tcbx2488
mktextfm tcrm1000
mktextfm tcrm1200
mktextfm tcbx2488
mktextfm tcrm1000
mktextfm tcrm1200
mktextfm tcbx2488
mktextfm tcrm1000
mktextfm tcrm1200
mktextfm tcbx2488
mktextfm tcrm1000
mktextfm tcrm1200
mktextfm tcbx2488
mktextfm tcrm1000
mktextfm tcrm1200
mktextfm tcbx2488
mktextfm tcrm1000
mktextfm tcrm1200
mktextfm tcbx2488
mktextfm tcrm1000
mktextfm tcrm1200
mktextfm tcbx2488
mktextfm tcrm1000
mktextfm tcrm1200
mktextfm tcbx2488
mktextfm tcrm1000
mktextfm tcrm1200
mktextfm tcbx2488
mktextfm tcrm1000
mktextfm tcbx2488
mktextfm tcrm1000
mktextfm tcbx2488
mktextfm tcrm1000
mktextfm tcbx2488
mktextfm tcrm1000
mktextfm tcbx2488
mktextfm tcrm1000
mktextfm tcbx2488
mktextfm tcrm1000
mktextfm tcbx2488
mktextfm tcrm1000
mktextfm tcbx2488
mktextfm tcrm1000
mktextfm tcbx2488
mktextfm tcrm1000
mktextfm tcbx2488
mktextfm tcrm1000
mktextfm tcbx2488
mktextfm tcrm1000
mktextfm tcbx2488
mktextfm tcrm1000
mktextfm tcbx2488
mktextfm tcrm1000
mktextfm tcbx2488
mktextfm tcrm1000
mktextfm tcbx2488
mktextfm tcrm1000
mktextfm tcbx2488
mktextfm tcrm1000
mktextfm tcbx2488
mktextfm tcrm1000
mktextfm tcbx2488
mktextfm tcrm1000
mktextfm tcbx2488
mktextfm tcrm1000
mktextfm tcbx2488
mktextfm tcrm1000
mktextfm tcbx2488
mktextfm tcrm1000
mktextfm tcbx2488
mktextfm tcrm1000
mktextfm tcbx2488
mktextfm tcrm1000
mktextfm tcbx2488
mktextfm tcrm1000
mktextfm tcbx2488
mktextfm tcrm1000
mktextfm tcbx2488
mktextfm tcrm1000
mktextfm tcbx2488
mktextfm tcrm1000
mktextfm tcbx2488
mktextfm tcrm1000
mktextfm tcbx2488
mktextfm tcrm1000
mktextfm tcbx2488
mktextfm tcrm1000
mktextfm tcbx2488
mktextfm tcrm1000
mktextfm tcbx2488
mktextfm tcrm1000
mktextfm tcbx2488
mktextfm tcrm1000
mktextfm tcrm1200
mktextfm tcbx2488
mktextfm tcrm1000
mktextfm tcbx2488
mktextfm tcrm1000
mktextfm tcbx2488
mktextfm tcrm1000
mktextfm tcbx2488
mktextfm tcrm1000
mktextfm tcbx2488
mktextfm tcrm1000
mktextfm tcbx2488
mktextfm tcrm1000
mktextfm tcbx2488
mktextfm tcrm1000
mktextfm tcbx2488
mktextfm tcrm1000
mktextfm tcbx2488
mktextfm tcrm1000
mktextfm tcbx2488
mktextfm tcrm1000
mktextfm tcbx2488
mktextfm tcrm1000
mktextfm tcbx2488
mktextfm tcrm1000
mktextfm tcbx2488
mktextfm tcrm1000
mktextfm tcbx2488
mktextfm tcrm1000
mktextfm tcbx2488
mktextfm tcrm1000
mktextfm tcbx2488
mktextfm tcrm1000
mktextfm tcbx2488
mktextfm tcrm1000
mktextfm tcbx2488
mktextfm tcrm1000
mktextfm tcbx2488
mktextfm tcrm1000
mktextfm tcbx2488
mktextfm tcrm1000
mktextfm tcbx2488
mktextfm tcrm1000
mktextfm tcbx2488
mktextfm tcrm1000
mktextfm tcbx2488
mktextfm tcrm1000
mktextfm tcbx2488
mktextfm tcrm1000
mktextfm tcbx2488
mktextfm tcrm1000
mktextfm tcbx2488
mktextfm tcrm1000
mktextfm tcbx2488
mktextfm tcrm1000
mktextfm tcbx2488
mktextfm tcrm1000
mktextfm tcbx2488
mktextfm tcrm1000
mktextfm tcbx2488
mktextfm tcrm1000
mktextfm tcbx2488
mktextfm tcrm1000
mktextfm tcbx2488
mktextfm tcrm1000
mktextfm tcbx2488
mktextfm tcrm1000
mktextfm tcbx2488
mktextfm tcrm1000
mktextfm tcbx2488
mktextfm tcrm1000
mktextfm tcbx2488
mktextfm tcrm1000
mktextfm tcbx2488
mktextfm tcrm1000
mktextfm tcbx2488
mktextfm tcrm1000
mktextfm tcbx2488
mktextfm tcrm1000
mktextfm tcbx2488
mktextfm tcrm1000
mktextfm tcbx2488
mktextfm tcrm1000
mktextfm tcbx2488
mktextfm tcrm1000
mktextfm tcbx2488
mktextfm tcrm1000
mktextfm tcbx2488
mktextfm tcrm1000
mktextfm tcbx2488
mktextfm tcrm1000
mktextfm tcbx2488
mktextfm tcrm1000
mktextfm tcbx2488
mktextfm tcrm1000
mktextfm tcbx2488
mktextfm tcrm1000
mktextfm tcbx2488
mktextfm tcrm1000
mktextfm tcbx2488
mktextfm tcrm1000
mktextfm tcbx2488
mktextfm tcrm1000
mktextfm tcbx2488
mktextfm tcrm1000
mktextfm tcbx2488
mktextfm tcrm1000
mktextfm tcbx2488
mktextfm tcrm1000
mktextfm tcbx2488
mktextfm tcrm1000
mktextfm tcbx2488
mktextfm tcrm1000
mktextfm tcbx2488
mktextfm tcrm1000
mktextfm tcbx2488
mktextfm tcrm1000
mktextfm tcbx2488
mktextfm tcrm1000
mktextfm tcbx2488
mktextfm tcrm1000
mktextfm tcbx2488
mktextfm tcrm1000
mktextfm tcbx2488
mktextfm tcrm1000
mktextfm tcbx2488
mktextfm tcrm1000
mktextfm tcbx2488
mktextfm tcrm1000
mktextfm tcbx2488
mktextfm tcrm1200
mktextfm tcrm1000
mktextfm tcbx2488
mktextfm tcrm1200
mktextfm tcrm1000
mktextfm tcbx2488
mktextfm tcrm1200
mktextfm tcrm1000
mktextfm tcbx2488
mktextfm tcrm1200
mktextfm tcrm1000
mktextfm tcbx2488
mktextfm tcrm1200
mktextfm tcrm1000
mktextfm tcbx2488
mktextfm tcrm1200
mktextfm tcbx2488
mktextfm tcrm1200
mktextfm tcbx2488
mktextfm tcrm1200
mktextfm tcbx2488
mktextfm tcrm1200
mktextfm tcbx2488
mktextfm tcrm1200
mktextfm tcbx2488
mktextfm tcrm1200
mktextfm tcbx2488
mktextfm tcrm1200
mktextfm tcbx2488
mktextfm tcrm1200
mktextfm tcbx2488
mktextfm tcrm1200
mktextfm tcbx2488
mktextfm tcrm1200
mktextfm tcbx2488
mktextfm tcrm1200
mktextfm tcbx2488
mktextfm tcrm1200
mktextfm tcbx2488
mktextfm tcrm1200
mktextfm tcbx2488
mktextfm tcrm1200
mktextfm tcbx2488
mktextfm tcrm1200
mktextfm tcbx2488
mktextfm tcrm1200
mktextfm tcbx2488
mktextfm tcrm1200
mktextfm tcbx2488
mktextfm tcrm1200
mktextfm tcbx2488
mktextfm tcrm1200
mktextfm tcbx2488
mktextfm tcrm1200
mktextfm tcbx2488
mktextfm tcrm1200
mktextfm tcbx2488
mktextfm tcrm1200
mktextfm tcbx2488
mktextfm tcrm1200
mktextfm tcbx2488
mktextfm tcrm1200
mktextfm tcbx2488
mktextfm tcrm1200
mktextfm tcbx2488
mktextfm tcrm1200
mktextfm tcbx2488
mktextfm tcrm1200
mktextfm tcbx2488
mktextfm tcrm1200
mktextfm tcbx2488
mktextfm tcrm1200
mktextfm tcbx2488
mktextfm tcrm1200
mktextfm tcbx2488
mktextfm tcrm1200
mktextfm tcbx2488
mktextfm tcrm1200
mktextfm tcbx2488
mktextfm tcrm1200
mktextfm tcbx2488
mktextfm tcrm1200
mktextfm tcbx2488
mktextfm tcrm1200
mktextfm tcbx2488
mktextfm tcrm1200
mktextfm tcbx2488
mktextfm tcrm1200
mktextfm tcbx2488
mktextfm tcrm1200
mktextfm tcbx2488
mktextfm tcrm1200
mktextfm tcbx2488
mktextfm tcrm1200
mktextfm tcbx2488
mktextfm tcrm1200
mktextfm tcbx2488
mktextfm tcrm1200
mktextfm tcbx2488
mktextfm tcrm1200
mktextfm tcbx2488
mktextfm tcrm1200
mktextfm tcbx2488
mktextfm tcrm1200
mktextfm tcbx2488
mktextfm tcrm1200
mktextfm tcbx2488
mktextfm tcrm1200
mktextfm tcbx2488
mktextfm tcrm1200
mktextfm tcbx2488
mktextfm tcrm1200
mktextfm tcbx2488
mktextfm tcrm1200
mktextfm tcbx2488
mktextfm tcrm1200
mktextfm tcbx2488
mktextfm tcrm1200
mktextfm tcbx2488
mktextfm tcrm1200
mktextfm tcbx2488
mktextfm tcrm1200
mktextfm tcrm1200
mktextfm tcbx2488
mktextfm tcrm1200
mktextfm tcbx2488
mktextfm tcrm1200
mktextfm tcbx2488
mktextfm tcrm1200
mktextfm tcbx2488
mktextfm tcrm1200
mktextfm tcbx2488
mktextfm tcrm1200
mktextfm tcbx2488
mktextfm tcrm1200
mktextfm tcbx2488
mktextfm tcrm1200
mktextfm tcbx2488
mktextfm tcrm1200
mktextfm tcbx2488
mktextfm tcrm1200
mktextfm tcbx2488
mktextfm tcrm1200
mktextfm tcbx2488
mktextfm tcrm1200
mktextfm tcbx2488
mktextfm tcrm1200
mktextfm tcbx2488
mktextfm tcrm1200
mktextfm tcbx2488
mktextfm tcrm1200
mktextfm tcbx2488
mktextfm tcrm1200
mktextfm tcbx2488
mktextfm tcrm1200
mktextfm tcbx2488
mktextfm tcrm1200
mktextfm tcbx2488
mktextfm tcrm1200
mktextfm tcbx2488
mktextfm tcrm1200
mktextfm tcbx2488
mktextfm tcrm1200
mktextfm tcbx2488
mktextfm tcrm1200
mktextfm tcbx2488
mktextfm tcrm1200
mktextfm tcbx2488
mktextfm tcrm1200
mktextfm tcbx2488
mktextfm tcrm1200
mktextfm tcbx2488
mktextfm tcrm1200
mktextfm tcbx2488
mktextfm tcrm1200
mktextfm tcbx2488
mktextfm tcrm1200
mktextfm tcbx2488
mktextfm tcrm1200
mktextfm tcbx2488
mktextfm tcrm1200
mktextfm tcbx2488
mktextfm tcrm1200
mktextfm tcbx2488
mktextfm tcrm1200
mktextfm tcbx2488
mktextfm tcrm1200
mktextfm tcbx2488
mktextfm tcrm1200
mktextfm tcbx2488
mktextfm tcrm1200
mktextfm tcbx2488
mktextfm tcrm1200
mktextfm tcbx2488
mktextfm tcrm1200
mktextfm tcbx2488
mktextfm tcrm1200
mktextfm tcbx2488
mktextfm tcrm1200
mktextfm tcbx2488
mktextfm tcrm1200
mktextfm tcbx2488
mktextfm tcrm1200
mktextfm tcbx2488
mktextfm tcrm1200
mktextfm tcbx2488
mktextfm tcrm1200
mktextfm tcbx2488
mktextfm tcrm1200
mktextfm tcbx2488
mktextfm tcrm1200
mktextfm tcbx2488
mktextfm tcrm1200
mktextfm tcbx2488
mktextfm tcrm1200
mktextfm tcbx2488
mktextfm tcrm1200
mktextfm tcbx2488
mktextfm tcrm1200
mktextfm tcbx2488
mktextfm tcrm1200
mktextfm tcbx2488
mktextfm tcrm1200
mktextfm tcbx2488
mktextfm tcrm1200
mktextfm tcbx2488
mktextfm tcrm1200
mktextfm tcbx2488
mktextfm tcrm1200
mktextfm tcbx2488
mktextfm tcrm1200
mktextfm tcbx2488
mktextfm tcrm1200
mktextfm tcbx2488
mktextfm tcrm1200
mktextfm tcbx2488
mktextfm tcrm1200
mktextfm tcbx2488
mktextfm tcrm1200
mktextfm tcbx2488
mktextfm tcrm1200
mktextfm tcbx2488
mktextfm tcrm1200
mktextfm tcbx2488
mktextfm tcrm1200
mktextfm tcbx2488
mktextfm tcrm1200
mktextfm tcbx2488
mktextfm tcrm1200
mktextfm tcbx2488
mktextfm tcrm1200
mktextfm tcbx2488
mktextfm tcrm1200
mktextfm tcbx2488
mktextfm tcrm1200
mktextfm tcbx2488
mktextfm tcrm1200
mktextfm tcbx2488
mktextfm tcrm1200
mktextfm tcbx2488
mktextfm tcrm1200
mktextfm tcbx2488
mktextfm tcrm1200
mktextfm tcbx2488
mktextfm tcrm1200
mktextfm tcbx2488
mktextfm tcrm1200
mktextfm tcbx2488
mktextfm tcrm1200
mktextfm tcbx2488
mktextfm tcrm1200
mktextfm tcbx2488
mktextfm tcrm1200
mktextfm tcbx2488
mktextfm tcrm1200
mktextfm tcbx2488
mktextfm tcrm1200
mktextfm tcbx2488
mktextfm tcrm1200
mktextfm tcbx2488
mktextfm tcrm1200
mktextfm tcbx2488
mktextfm tcrm1200
mktextfm tcbx2488
mktextfm tcrm1200
mktextfm tcbx2488
mktextfm tcrm1200
mktextfm tcbx2488
mktextfm tcrm1200
mktextfm tcbx2488
mktextfm tcrm1200
mktextfm tcbx2488
mktextfm tcrm1200
mktextfm tcbx2488
mktextfm tcrm1200
mktextfm tcbx2488
mktextfm tcrm1200
mktextfm tcbx2488
mktextfm tcrm1200
mktextfm tcbx2488
mktextfm tcrm1200
mktextfm tcbx2488
mktextfm tcrm1200
mktextfm tcbx2488
mktextfm tcrm1200
mktextfm tcbx2488
mktextfm tcrm1200
mktextfm tcbx2488
mktextfm tcrm1200
mktextfm tcbx2488
mktextfm tcrm1200
mktextfm tcbx2488
mktextfm tcrm1200
mktextfm tcbx2488
mktextfm tcrm1200
mktextfm tcbx2488
mktextfm tcrm1200
mktextfm tcbx2488
mktextfm tcrm1200
mktextfm tcbx2488
mktextfm tcrm1200
mktextfm tcbx2488
mktextfm tcrm1200
mktextfm tcbx2488
mktextfm tcrm1200
mktextfm tcbx2488
mktextfm tcrm1200
mktextfm tcbx2488
mktextfm tcrm1200
mktextfm tcbx2488
mktextfm tcrm1200
mktextfm tcbx2488
mktextfm tcrm1200
mktextfm tcbx2488
mktextfm tcrm1200
mktextfm tcbx2488
mktextfm tcrm1200
mktextfm tcbx2488
mktextfm tcrm1200
mktextfm tcbx2488
mktextfm tcrm1200
mktextfm tcbx2488
mktextfm tcrm1200
mktextfm tcbx2488
mktextfm tcrm1200
mktextfm tcbx2488
mktextfm tcrm1200
mktextfm tcbx2488
mktextfm tcrm1200
mktextfm tcbx2488
mktextfm tcrm1200
